0 info it worked if it ends with ok
1 verbose cli [ 'C:\\Program Files\\nodejs\\node.exe',
1 verbose cli   'C:\\Program Files\\nodejs\\node_modules\\npm\\bin\\npm-cli.js',
1 verbose cli   'install',
1 verbose cli   'json-loader' ]
2 info using npm@2.14.7
3 info using node@v4.2.1
4 verbose install initial load of C:\Users\Wernerway\Downloads\hw-reference-gh-pages\hw-reference-gh-pages\5\package.json
5 warn package.json RWP-Hw6@1.0.0 No repository field.
6 verbose installManyTop reading scoped package data from C:\Users\Wernerway\Downloads\hw-reference-gh-pages\hw-reference-gh-pages\5\node_modules\babel-core\package.json
7 verbose installManyTop reading scoped package data from C:\Users\Wernerway\Downloads\hw-reference-gh-pages\hw-reference-gh-pages\5\node_modules\babel-loader\package.json
8 verbose installManyTop reading scoped package data from C:\Users\Wernerway\Downloads\hw-reference-gh-pages\hw-reference-gh-pages\5\node_modules\babel-plugin-react-transform\package.json
9 verbose installManyTop reading scoped package data from C:\Users\Wernerway\Downloads\hw-reference-gh-pages\hw-reference-gh-pages\5\node_modules\css-loader\package.json
10 verbose installManyTop reading scoped package data from C:\Users\Wernerway\Downloads\hw-reference-gh-pages\hw-reference-gh-pages\5\node_modules\express\package.json
11 verbose installManyTop reading scoped package data from C:\Users\Wernerway\Downloads\hw-reference-gh-pages\hw-reference-gh-pages\5\node_modules\file-loader\package.json
12 verbose installManyTop reading scoped package data from C:\Users\Wernerway\Downloads\hw-reference-gh-pages\hw-reference-gh-pages\5\node_modules\fs\package.json
13 verbose installManyTop reading scoped package data from C:\Users\Wernerway\Downloads\hw-reference-gh-pages\hw-reference-gh-pages\5\node_modules\react\package.json
14 verbose installManyTop reading scoped package data from C:\Users\Wernerway\Downloads\hw-reference-gh-pages\hw-reference-gh-pages\5\node_modules\react-dom\package.json
15 verbose installManyTop reading scoped package data from C:\Users\Wernerway\Downloads\hw-reference-gh-pages\hw-reference-gh-pages\5\node_modules\react-transform-catch-errors\package.json
16 verbose installManyTop reading scoped package data from C:\Users\Wernerway\Downloads\hw-reference-gh-pages\hw-reference-gh-pages\5\node_modules\react-transform-hmr\package.json
17 verbose installManyTop reading scoped package data from C:\Users\Wernerway\Downloads\hw-reference-gh-pages\hw-reference-gh-pages\5\node_modules\redbox-react\package.json
18 verbose installManyTop reading scoped package data from C:\Users\Wernerway\Downloads\hw-reference-gh-pages\hw-reference-gh-pages\5\node_modules\style-loader\package.json
19 verbose installManyTop reading scoped package data from C:\Users\Wernerway\Downloads\hw-reference-gh-pages\hw-reference-gh-pages\5\node_modules\webpack\package.json
20 verbose installManyTop reading scoped package data from C:\Users\Wernerway\Downloads\hw-reference-gh-pages\hw-reference-gh-pages\5\node_modules\webpack-dev-middleware\package.json
21 verbose installManyTop reading scoped package data from C:\Users\Wernerway\Downloads\hw-reference-gh-pages\hw-reference-gh-pages\5\node_modules\webpack-hot-middleware\package.json
22 info package.json fs@0.0.2 fs is also the name of a node core module.
23 info package.json fs@0.0.2 No description
24 info package.json fs@0.0.2 No repository field.
25 info package.json webpack-dev-middleware@1.2.0 No license field.
26 verbose readDependencies loading dependencies from C:\Users\Wernerway\Downloads\hw-reference-gh-pages\hw-reference-gh-pages\5\package.json
27 silly cache add args [ 'json-loader', null ]
28 verbose cache add spec json-loader
29 silly cache add parsed spec Result {
29 silly cache add   raw: 'json-loader',
29 silly cache add   scope: null,
29 silly cache add   name: 'json-loader',
29 silly cache add   rawSpec: '',
29 silly cache add   spec: '*',
29 silly cache add   type: 'range' }
30 silly addNamed json-loader@*
31 verbose addNamed "*" is a valid semver range for json-loader
32 silly addNameRange { name: 'json-loader', range: '*', hasData: false }
33 silly mapToRegistry name json-loader
34 silly mapToRegistry using default registry
35 silly mapToRegistry registry https://registry.npmjs.org/
36 silly mapToRegistry uri https://registry.npmjs.org/json-loader
37 verbose addNameRange registry:https://registry.npmjs.org/json-loader not in flight; fetching
38 verbose request uri https://registry.npmjs.org/json-loader
39 verbose request no auth needed
40 info attempt registry request try #1 at 15:20:51
41 verbose request id 2dd22bbd56ee19a9
42 http request GET https://registry.npmjs.org/json-loader
43 http 200 https://registry.npmjs.org/json-loader
44 verbose headers { server: 'CouchDB/1.5.0 (Erlang OTP/R16B03)',
44 verbose headers   etag: '"6W083R2KK75PB4ESLA7FSGOWQ"',
44 verbose headers   'content-type': 'application/json',
44 verbose headers   'cache-control': 'max-age=60',
44 verbose headers   'content-length': '11455',
44 verbose headers   'accept-ranges': 'bytes',
44 verbose headers   date: 'Thu, 05 Nov 2015 07:21:00 GMT',
44 verbose headers   via: '1.1 varnish',
44 verbose headers   age: '44',
44 verbose headers   connection: 'keep-alive',
44 verbose headers   'x-served-by': 'cache-nrt6127-NRT',
44 verbose headers   'x-cache': 'HIT',
44 verbose headers   'x-cache-hits': '1',
44 verbose headers   'x-timer': 'S1446708060.336637,VS0,VE0',
44 verbose headers   vary: 'Accept' }
45 silly get cb [ 200,
45 silly get   { server: 'CouchDB/1.5.0 (Erlang OTP/R16B03)',
45 silly get     etag: '"6W083R2KK75PB4ESLA7FSGOWQ"',
45 silly get     'content-type': 'application/json',
45 silly get     'cache-control': 'max-age=60',
45 silly get     'content-length': '11455',
45 silly get     'accept-ranges': 'bytes',
45 silly get     date: 'Thu, 05 Nov 2015 07:21:00 GMT',
45 silly get     via: '1.1 varnish',
45 silly get     age: '44',
45 silly get     connection: 'keep-alive',
45 silly get     'x-served-by': 'cache-nrt6127-NRT',
45 silly get     'x-cache': 'HIT',
45 silly get     'x-cache-hits': '1',
45 silly get     'x-timer': 'S1446708060.336637,VS0,VE0',
45 silly get     vary: 'Accept' } ]
46 verbose get saving json-loader to C:\Users\Wernerway\AppData\Roaming\npm-cache\registry.npmjs.org\json-loader\.cache.json
47 silly addNameRange number 2 { name: 'json-loader', range: '*', hasData: true }
48 silly addNameRange versions [ 'json-loader',
48 silly addNameRange   [ '0.1.0',
48 silly addNameRange     '0.1.1',
48 silly addNameRange     '0.1.2',
48 silly addNameRange     '0.1.3',
48 silly addNameRange     '0.1.4',
48 silly addNameRange     '0.1.5',
48 silly addNameRange     '0.1.6',
48 silly addNameRange     '0.1.7',
48 silly addNameRange     '0.1.8',
48 silly addNameRange     '0.2.0',
48 silly addNameRange     '0.5.0',
48 silly addNameRange     '0.5.1',
48 silly addNameRange     '0.5.2',
48 silly addNameRange     '0.5.3' ] ]
49 silly addNamed json-loader@0.5.3
50 verbose addNamed "0.5.3" is a plain semver version for json-loader
51 silly mapToRegistry name json-loader
52 silly mapToRegistry using default registry
53 silly mapToRegistry registry https://registry.npmjs.org/
54 silly mapToRegistry uri https://registry.npmjs.org/json-loader
55 verbose addRemoteTarball https://registry.npmjs.org/json-loader/-/json-loader-0.5.3.tgz not in flight; adding
56 verbose addRemoteTarball [ 'https://registry.npmjs.org/json-loader/-/json-loader-0.5.3.tgz',
56 verbose addRemoteTarball   'fde8311d5c3414f608260e3d93135050d17a5593' ]
57 info retry fetch attempt 1 at 15:20:51
58 info attempt registry request try #1 at 15:20:51
59 http fetch GET https://registry.npmjs.org/json-loader/-/json-loader-0.5.3.tgz
60 http fetch 200 https://registry.npmjs.org/json-loader/-/json-loader-0.5.3.tgz
61 silly fetchAndShaCheck shasum fde8311d5c3414f608260e3d93135050d17a5593
62 verbose addTmpTarball C:\Users\WERNER~1\AppData\Local\Temp\npm-234736-0cbe8ec0\registry.npmjs.org\json-loader\-\json-loader-0.5.3.tgz not in flight; adding
63 verbose addTmpTarball already have metadata; skipping unpack for json-loader@0.5.3
64 silly cache afterAdd json-loader@0.5.3
65 verbose afterAdd C:\Users\Wernerway\AppData\Roaming\npm-cache\json-loader\0.5.3\package\package.json not in flight; writing
66 verbose afterAdd C:\Users\Wernerway\AppData\Roaming\npm-cache\json-loader\0.5.3\package\package.json written
67 silly install resolved [ { name: 'json-loader',
67 silly install resolved     version: '0.5.3',
67 silly install resolved     author: { name: 'Tobias Koppers @sokra' },
67 silly install resolved     description: 'json loader module for webpack',
67 silly install resolved     license: 'MIT',
67 silly install resolved     repository:
67 silly install resolved      { type: 'git',
67 silly install resolved        url: 'git+https://github.com/webpack/json-loader.git' },
67 silly install resolved     gitHead: 'cfe78808c9570ecf0c1a994d9ad9361f0d5b5ccb',
67 silly install resolved     bugs: { url: 'https://github.com/webpack/json-loader/issues' },
67 silly install resolved     homepage: 'https://github.com/webpack/json-loader#readme',
67 silly install resolved     _id: 'json-loader@0.5.3',
67 silly install resolved     scripts: {},
67 silly install resolved     _shasum: 'fde8311d5c3414f608260e3d93135050d17a5593',
67 silly install resolved     _from: 'json-loader@*',
67 silly install resolved     _npmVersion: '2.14.2',
67 silly install resolved     _nodeVersion: '4.0.0',
67 silly install resolved     _npmUser: { name: 'sokra', email: 'tobias.koppers@googlemail.com' },
67 silly install resolved     dist:
67 silly install resolved      { shasum: 'fde8311d5c3414f608260e3d93135050d17a5593',
67 silly install resolved        tarball: 'http://registry.npmjs.org/json-loader/-/json-loader-0.5.3.tgz' },
67 silly install resolved     maintainers: [ [Object] ],
67 silly install resolved     directories: {},
67 silly install resolved     _resolved: 'https://registry.npmjs.org/json-loader/-/json-loader-0.5.3.tgz' } ]
68 info install json-loader@0.5.3 into C:\Users\Wernerway\Downloads\hw-reference-gh-pages\hw-reference-gh-pages\5
69 info installOne json-loader@0.5.3
70 verbose installOne of json-loader to C:\Users\Wernerway\Downloads\hw-reference-gh-pages\hw-reference-gh-pages\5 not in flight; installing
71 verbose lock using C:\Users\Wernerway\AppData\Roaming\npm-cache\_locks\json-loader-1ac4feefa1478067.lock for C:\Users\Wernerway\Downloads\hw-reference-gh-pages\hw-reference-gh-pages\5\node_modules\json-loader
72 silly install write writing json-loader 0.5.3 to C:\Users\Wernerway\Downloads\hw-reference-gh-pages\hw-reference-gh-pages\5\node_modules\json-loader
73 verbose unbuild node_modules\json-loader
74 silly gentlyRm C:\Users\Wernerway\Downloads\hw-reference-gh-pages\hw-reference-gh-pages\5\node_modules\json-loader is being purged from base C:\Users\Wernerway\Downloads\hw-reference-gh-pages\hw-reference-gh-pages\5
75 verbose gentlyRm don't care about contents; nuking C:\Users\Wernerway\Downloads\hw-reference-gh-pages\hw-reference-gh-pages\5\node_modules\json-loader
76 verbose tar unpack C:\Users\Wernerway\AppData\Roaming\npm-cache\json-loader\0.5.3\package.tgz
77 verbose tar unpacking to C:\Users\Wernerway\Downloads\hw-reference-gh-pages\hw-reference-gh-pages\5\node_modules\json-loader
78 silly gentlyRm C:\Users\Wernerway\Downloads\hw-reference-gh-pages\hw-reference-gh-pages\5\node_modules\json-loader is being purged
79 verbose gentlyRm don't care about contents; nuking C:\Users\Wernerway\Downloads\hw-reference-gh-pages\hw-reference-gh-pages\5\node_modules\json-loader
80 silly gunzTarPerm modes [ '777', '666' ]
81 silly gunzTarPerm extractEntry package.json
82 silly gunzTarPerm extractEntry README.md
83 silly gunzTarPerm extractEntry index.js
84 verbose write writing to C:\Users\Wernerway\Downloads\hw-reference-gh-pages\hw-reference-gh-pages\5\node_modules\json-loader\package.json
85 info preinstall json-loader@0.5.3
86 verbose readDependencies loading dependencies from C:\Users\Wernerway\Downloads\hw-reference-gh-pages\hw-reference-gh-pages\5\node_modules\json-loader\package.json
87 verbose readDependencies loading dependencies from C:\Users\Wernerway\Downloads\hw-reference-gh-pages\hw-reference-gh-pages\5\node_modules\json-loader\package.json
88 silly install resolved []
89 verbose about to build C:\Users\Wernerway\Downloads\hw-reference-gh-pages\hw-reference-gh-pages\5\node_modules\json-loader
90 info build C:\Users\Wernerway\Downloads\hw-reference-gh-pages\hw-reference-gh-pages\5\node_modules\json-loader
91 info linkStuff json-loader@0.5.3
92 silly linkStuff json-loader@0.5.3 has C:\Users\Wernerway\Downloads\hw-reference-gh-pages\hw-reference-gh-pages\5\node_modules as its parent node_modules
93 verbose linkBins json-loader@0.5.3
94 verbose linkMans json-loader@0.5.3
95 verbose rebuildBundles json-loader@0.5.3
96 info install json-loader@0.5.3
97 info postinstall json-loader@0.5.3
98 verbose unlock done using C:\Users\Wernerway\AppData\Roaming\npm-cache\_locks\json-loader-1ac4feefa1478067.lock for C:\Users\Wernerway\Downloads\hw-reference-gh-pages\hw-reference-gh-pages\5\node_modules\json-loader
99 verbose validateInstall loading C:\Users\Wernerway\Downloads\hw-reference-gh-pages\hw-reference-gh-pages\5\package.json for validation
100 verbose stack Error: The package babel-core@5.8.33 does not satisfy its siblings' peerDependencies requirements!
100 verbose stack     at C:\Program Files\nodejs\node_modules\npm\lib\install.js:125:32
100 verbose stack     at C:\Program Files\nodejs\node_modules\npm\lib\install.js:268:7
100 verbose stack     at C:\Program Files\nodejs\node_modules\npm\node_modules\read-installed\read-installed.js:142:5
100 verbose stack     at C:\Program Files\nodejs\node_modules\npm\node_modules\read-installed\read-installed.js:263:14
100 verbose stack     at cb (C:\Program Files\nodejs\node_modules\npm\node_modules\slide\lib\async-map.js:47:24)
100 verbose stack     at C:\Program Files\nodejs\node_modules\npm\node_modules\read-installed\read-installed.js:263:14
100 verbose stack     at cb (C:\Program Files\nodejs\node_modules\npm\node_modules\slide\lib\async-map.js:47:24)
100 verbose stack     at C:\Program Files\nodejs\node_modules\npm\node_modules\read-installed\read-installed.js:263:14
100 verbose stack     at cb (C:\Program Files\nodejs\node_modules\npm\node_modules\slide\lib\async-map.js:47:24)
100 verbose stack     at C:\Program Files\nodejs\node_modules\npm\node_modules\read-installed\read-installed.js:263:14
101 verbose cwd C:\Users\Wernerway\Downloads\hw-reference-gh-pages\hw-reference-gh-pages\5
102 error Windows_NT 10.0.10240
103 error argv "C:\\Program Files\\nodejs\\node.exe" "C:\\Program Files\\nodejs\\node_modules\\npm\\bin\\npm-cli.js" "install" "json-loader"
104 error node v4.2.1
105 error npm  v2.14.7
106 error code EPEERINVALID
107 error peerinvalid The package babel-core@5.8.33 does not satisfy its siblings' peerDependencies requirements!
107 error peerinvalid Peer babel-loader@6.0.1 wants babel-core@^6.0.0
108 verbose exit [ 1, true ]
